#
# A fatal error has been detected by the Java Runtime Environment:
#
#  EXCEPTION_ACCESS_VIOLATION (0xc0000005) at pc=0x00000001800163b3, pid=24808, tid=26656
#
# JRE version: Java(TM) SE Runtime Environment (7.0_80-b15) (build 1.7.0_80-b15)
# Java VM: Java HotSpot(TM) 64-Bit Server VM (24.80-b11 mixed mode windows-amd64 compressed oops)
# Problematic frame:
# C  0x00000001800163b3
#
# Failed to write core dump. Minidumps are not enabled by default on client versions of Windows
#
# If you would like to submit a bug report, please visit:
#   http://bugreport.java.com/bugreport/crash.jsp
# The crash happened outside the Java Virtual Machine in native code.
# See problematic frame for where to report the bug.
#

---------------  T H R E A D  ---------------

Current thread (0x000000001f7bd000):  JavaThread "pool-1-thread-1" [_thread_in_native, id=26656, stack(0x00000000216e0000,0x00000000217e0000)]

siginfo: ExceptionCode=0xc0000005, ExceptionInformation=0x0000000000000008 0x00000001800163b3

Registers:
RAX=0x0000000000000001, RBX=0x0000000600a1bdf8, RCX=0x0000000020500000, RDX=0x0000000020500000
RSP=0x00000000217de140, RBP=0x00000000217de170, RSI=0x0000000000000001, RDI=0x00000000217de258
R8 =0x00000000203b1500, R9 =0x0000000000000001, R10=0x0000000000000003, R11=0x00000000217ddf20
R12=0x0000000000000000, R13=0x0000000600a1bdf8, R14=0x00000000217de540, R15=0x000000001f7bd000
RIP=0x00000001800163b3, EFLAGS=0x0000000000010202

Top of Stack: (sp=0x00000000217de140)
0x00000000217de140:   0000000000000007 000000018001636a
0x00000000217de150:   00000005ffa97b97 00000000217de1a0
0x00000000217de160:   00000005ffa99158 0000000000000000
0x00000000217de170:   00000000217de140 0000000003046198
0x00000000217de180:   00000000217de1c0 000000018000edd3
0x00000000217de190:   000000018000e5d0 00000000217de1c8
0x00000000217de1a0:   0000000000000030 000000000000000a
0x00000000217de1b0:   00000000217de470 00007ffe16d18800
0x00000000217de1c0:   cccccccccccccccc 00000000217de2f0
0x00000000217de1d0:   00000000217de470 00000000217de2a0
0x00000000217de1e0:   00000001cccccccc 0000000000000004
0x00000000217de1f0:   cccccccccccccccc cccccccccccccccc
0x00000000217de200:   cccccccccccccccc 0000000000000000
0x00000000217de210:   cccccccccccccccc cccccccccccccccc
0x00000000217de220:   cccccccccccccccc cccccccc00000001
0x00000000217de230:   cccccccccccccccc cccccccccccccccc 

Instructions: (pc=0x00000001800163b3)
0x0000000180016393:   
[error occurred during error reporting (printing registers, top of stack, instructions near pc), id 0xc0000005]

Register to memory mapping:

RAX=0x0000000000000001 is an unknown value
RBX=0x0000000600a1bdf8 is an oop
{method} 
 - klass: {other class}
RCX=0x0000000020500000 is an unknown value
RDX=0x0000000020500000 is an unknown value
RSP=0x00000000217de140 is pointing into the stack for thread: 0x000000001f7bd000
RBP=0x00000000217de170 is pointing into the stack for thread: 0x000000001f7bd000
RSI=0x0000000000000001 is an unknown value
RDI=0x00000000217de258 is pointing into the stack for thread: 0x000000001f7bd000
R8 =0x00000000203b1500 is an unknown value
R9 =0x0000000000000001 is an unknown value
R10=0x0000000000000003 is an unknown value
R11=0x00000000217ddf20 is pointing into the stack for thread: 0x000000001f7bd000
R12=0x0000000000000000 is an unknown value
R13=0x0000000600a1bdf8 is an oop
{method} 
 - klass: {other class}
R14=0x00000000217de540 is pointing into the stack for thread: 0x000000001f7bd000
R15=0x000000001f7bd000 is a thread


Stack: [0x00000000216e0000,0x00000000217e0000],  sp=0x00000000217de140,  free space=1016k
Native frames: (J=compiled Java code, j=interpreted, Vv=VM code, C=native code)
C  0x00000001800163b3

Java frames: (J=compiled Java code, j=interpreted, Vv=VM code)
j  com.sun.jna.Function.invokeInt(I[Ljava/lang/Object;)I+0
j  com.sun.jna.Function.invoke([Ljava/lang/Object;Ljava/lang/Class;Z)Ljava/lang/Object;+92
j  com.sun.jna.Function.invoke(Ljava/lang/Class;[Ljava/lang/Object;Ljava/util/Map;)Ljava/lang/Object;+214
j  com.sun.jna.Library$Handler.invoke(Ljava/lang/Object;Ljava/lang/reflect/Method;[Ljava/lang/Object;)Ljava/lang/Object;+341
j  com.sun.proxy.$Proxy55.User_SendToScreen(I)Z+19
j  com.example.electronicscreen.serviceimpl.UtilServiceImpl.OnSendToScreen(I)V+4
j  com.example.electronicscreen.serviceimpl.UtilServiceImpl.funConnection(ILjava/lang/String;Ljava/lang/String;Ljava/lang/String;Ljava/lang/String;Ljava/lang/String;)V+160
j  com.example.electronicscreen.util.Scheduler.testTasks()V+119
v  ~StubRoutines::call_stub
j  sun.reflect.NativeMethodAccessorImpl.invoke0(Ljava/lang/reflect/Method;Ljava/lang/Object;[Ljava/lang/Object;)Ljava/lang/Object;+0
j  sun.reflect.NativeMethodAccessorImpl.invoke(Ljava/lang/Object;[Ljava/lang/Object;)Ljava/lang/Object;+87
j  sun.reflect.DelegatingMethodAccessorImpl.invoke(Ljava/lang/Object;[Ljava/lang/Object;)Ljava/lang/Object;+6
j  java.lang.reflect.Method.invoke(Ljava/lang/Object;[Ljava/lang/Object;)Ljava/lang/Object;+57
j  org.springframework.scheduling.support.ScheduledMethodRunnable.run()V+19
j  org.springframework.scheduling.support.DelegatingErrorHandlingRunnable.run()V+4
j  java.util.concurrent.Executors$RunnableAdapter.call()Ljava/lang/Object;+4
j  java.util.concurrent.FutureTask.runAndReset$$$capture()Z+47
j  java.util.concurrent.FutureTask.runAndReset()Z+5
j  java.util.concurrent.ScheduledThreadPoolExecutor$ScheduledFutureTask.access$301(Ljava/util/concurrent/ScheduledThreadPoolExecutor$ScheduledFutureTask;)Z+1
j  java.util.concurrent.ScheduledThreadPoolExecutor$ScheduledFutureTask.run()V+37
j  java.util.concurrent.ThreadPoolExecutor.runWorker(Ljava/util/concurrent/ThreadPoolExecutor$Worker;)V+95
j  java.util.concurrent.ThreadPoolExecutor$Worker.run()V+5
j  java.lang.Thread.run()V+11
v  ~StubRoutines::call_stub

---------------  P R O C E S S  ---------------

Java Threads: ( => current thread )
  0x000000001f995000 JavaThread "Thread-7" [_thread_in_native, id=33232, stack(0x0000000022cd0000,0x0000000022dd0000)]
  0x000000001f98f000 JavaThread "SIGINT handler" daemon [_thread_blocked, id=7052, stack(0x000000001da40000,0x000000001db40000)]
  0x000000001f993000 JavaThread "RMI TCP Connection(idle)" daemon [_thread_blocked, id=10184, stack(0x0000000022910000,0x0000000022a10000)]
  0x000000001f992000 JavaThread "RMI TCP Connection(idle)" daemon [_thread_blocked, id=35796, stack(0x0000000022710000,0x0000000022810000)]
  0x000000001f991800 JavaThread "DestroyJavaVM" [_thread_blocked, id=26632, stack(0x0000000002d40000,0x0000000002e40000)]
  0x000000001f993800 JavaThread "http-nio-3002-AsyncTimeout" daemon [_thread_blocked, id=23096, stack(0x0000000022610000,0x0000000022710000)]
  0x000000001f98e800 JavaThread "http-nio-3002-Acceptor-0" daemon [_thread_in_native, id=38168, stack(0x0000000022510000,0x0000000022610000)]
  0x0000000020dce800 JavaThread "http-nio-3002-ClientPoller-1" daemon [_thread_in_native, id=30340, stack(0x0000000022300000,0x0000000022400000)]
  0x0000000020dcc800 JavaThread "http-nio-3002-ClientPoller-0" daemon [_thread_in_native, id=31868, stack(0x0000000022410000,0x0000000022510000)]
  0x0000000020dce000 JavaThread "http-nio-3002-exec-10" daemon [_thread_blocked, id=30248, stack(0x0000000022200000,0x0000000022300000)]
  0x0000000020dcb800 JavaThread "http-nio-3002-exec-9" daemon [_thread_blocked, id=38052, stack(0x0000000022100000,0x0000000022200000)]
  0x0000000020dca000 JavaThread "http-nio-3002-exec-8" daemon [_thread_blocked, id=30084, stack(0x0000000022000000,0x0000000022100000)]
  0x0000000020dcb000 JavaThread "http-nio-3002-exec-7" daemon [_thread_blocked, id=35984, stack(0x0000000021cf0000,0x0000000021df0000)]
  0x0000000020dc9800 JavaThread "http-nio-3002-exec-6" daemon [_thread_blocked, id=32772, stack(0x0000000021f00000,0x0000000022000000)]
  0x0000000020dcf800 JavaThread "http-nio-3002-exec-5" daemon [_thread_blocked, id=20196, stack(0x0000000021e00000,0x0000000021f00000)]
  0x0000000020dcd000 JavaThread "http-nio-3002-exec-4" daemon [_thread_blocked, id=22652, stack(0x0000000021bf0000,0x0000000021cf0000)]
  0x0000000020dc8800 JavaThread "http-nio-3002-exec-3" daemon [_thread_blocked, id=22888, stack(0x0000000021af0000,0x0000000021bf0000)]
  0x000000001f48e000 JavaThread "http-nio-3002-exec-2" daemon [_thread_blocked, id=4412, stack(0x00000000219f0000,0x0000000021af0000)]
  0x000000001f470800 JavaThread "http-nio-3002-exec-1" daemon [_thread_blocked, id=21352, stack(0x00000000217e0000,0x00000000218e0000)]
  0x0000000020c14800 JavaThread "NioBlockingSelector.BlockPoller-1" daemon [_thread_in_native, id=2572, stack(0x00000000218f0000,0x00000000219f0000)]
=>0x000000001f7bd000 JavaThread "pool-1-thread-1" [_thread_in_native, id=26656, stack(0x00000000216e0000,0x00000000217e0000)]
  0x000000001e24a800 JavaThread "container-0" [_thread_blocked, id=26176, stack(0x0000000020110000,0x0000000020210000)]
  0x000000001f539800 JavaThread "ContainerBackgroundProcessor[StandardEngine[Tomcat]]" daemon [_thread_blocked, id=24704, stack(0x0000000020010000,0x0000000020110000)]
  0x000000001f017000 JavaThread "RMI Scheduler(0)" daemon [_thread_blocked, id=4548, stack(0x000000001fd10000,0x000000001fe10000)]
  0x000000001f078000 JavaThread "RMI TCP Connection(idle)" daemon [_thread_blocked, id=28232, stack(0x000000001fc10000,0x000000001fd10000)]
  0x000000001e382000 JavaThread "RMI TCP Accept-0" daemon [_thread_in_native, id=25612, stack(0x000000001e990000,0x000000001ea90000)]
  0x000000001bd66000 JavaThread "Service Thread" daemon [_thread_blocked, id=26344, stack(0x000000001df40000,0x000000001e040000)]
  0x000000001bd42800 JavaThread "C2 CompilerThread1" daemon [_thread_blocked, id=21532, stack(0x000000001de40000,0x000000001df40000)]
  0x000000001bd41800 JavaThread "C2 CompilerThread0" daemon [_thread_blocked, id=31892, stack(0x000000001dd40000,0x000000001de40000)]
  0x000000001bb10800 JavaThread "JDWP Event Helper Thread" daemon [_thread_blocked, id=28508, stack(0x000000001db40000,0x000000001dc40000)]
  0x000000001baf3800 JavaThread "Attach Listener" daemon [_thread_blocked, id=26072, stack(0x000000001d940000,0x000000001da40000)]
  0x000000001baf3000 JavaThread "Signal Dispatcher" daemon [_thread_blocked, id=9520, stack(0x000000001d840000,0x000000001d940000)]
  0x0000000019e13000 JavaThread "Finalizer" daemon [_thread_blocked, id=5276, stack(0x000000001d740000,0x000000001d840000)]
  0x000000001bab6800 JavaThread "Reference Handler" daemon [_thread_blocked, id=17292, stack(0x000000001d640000,0x000000001d740000)]

Other Threads:
  0x000000001bab3800 VMThread [stack: 0x000000001d540000,0x000000001d640000] [id=37976]
  0x000000001e536800 WatcherThread [stack: 0x000000001ea90000,0x000000001eb90000] [id=36232]

VM state:not at safepoint (normal execution)

VM Mutex/Monitor currently owned by a thread: None

Heap
 PSYoungGen      total 152064K, used 138090K [0x0000000756a80000, 0x0000000769380000, 0x0000000800000000)
  eden space 130560K, 91% used [0x0000000756a80000,0x000000075df77088,0x000000075ea00000)
  from space 21504K, 85% used [0x000000075ff00000,0x00000007610e3a40,0x0000000761400000)
  to   space 21504K, 0% used [0x000000075ea00000,0x000000075ea00000,0x000000075ff00000)
 ParOldGen       total 346624K, used 80K [0x0000000604000000, 0x0000000619280000, 0x0000000756a80000)
  object space 346624K, 0% used [0x0000000604000000,0x0000000604014010,0x0000000619280000)
 PSPermGen       total 29696K, used 29379K [0x00000005fee00000, 0x0000000600b00000, 0x0000000604000000)
  object space 29696K, 98% used [0x00000005fee00000,0x0000000600ab0cd8,0x0000000600b00000)

Card table byte_map: [0x0000000006100000,0x0000000007110000] byte_map_base: 0x0000000003109000

Polling page: 0x0000000001060000

Code Cache  [0x0000000003040000, 0x00000000032e0000, 0x0000000006040000)
 total_blobs=925 nmethods=573 adapters=312 free_code_cache=46677Kb largest_free_block=47592640

Compilation events (10 events):
Event: 45.062 Thread 0x000000001bd41800  603             java.lang.ref.Reference::<init> (7 bytes)
Event: 45.063 Thread 0x000000001bd41800 nmethod 603 0x0000000003155350 code [0x0000000003155480, 0x0000000003155538]
Event: 46.924 Thread 0x000000001bd42800  604             java.lang.Integer::<init> (10 bytes)
Event: 46.924 Thread 0x000000001bd42800 nmethod 604 0x0000000003155150 code [0x0000000003155280, 0x00000000031552d8]
Event: 46.925 Thread 0x000000001bd41800  606             java.util.concurrent.ConcurrentHashMap$HashIterator::advance (96 bytes)
Event: 46.925 Thread 0x000000001bd42800  607             java.util.concurrent.locks.ReentrantLock$Sync::tryRelease (45 bytes)
Event: 46.925 Thread 0x000000001bd42800 nmethod 607 0x000000000316f3d0 code [0x000000000316f500, 0x000000000316f5b8]
Event: 46.925 Thread 0x000000001bd42800  608             java.util.concurrent.ConcurrentHashMap::setEntryAt (19 bytes)
Event: 46.926 Thread 0x000000001bd42800 nmethod 608 0x0000000003154f10 code [0x0000000003155040, 0x0000000003155098]
Event: 46.926 Thread 0x000000001bd41800 nmethod 606 0x00000000030e1650 code [0x00000000030e17a0, 0x00000000030e1938]

GC Heap History (4 events):
Event: 1.661 GC heap before
{Heap before GC invocations=1 (full 0):
 PSYoungGen      total 152064K, used 130560K [0x0000000756a80000, 0x0000000761400000, 0x0000000800000000)
  eden space 130560K, 100% used [0x0000000756a80000,0x000000075ea00000,0x000000075ea00000)
  from space 21504K, 0% used [0x000000075ff00000,0x000000075ff00000,0x0000000761400000)
  to   space 21504K, 0% used [0x000000075ea00000,0x000000075ea00000,0x000000075ff00000)
 ParOldGen       total 346624K, used 0K [0x0000000604000000, 0x0000000619280000, 0x0000000756a80000)
  object space 346624K, 0% used [0x0000000604000000,0x0000000604000000,0x0000000619280000)
 PSPermGen       total 21504K, used 18431K [0x00000005fee00000, 0x0000000600300000, 0x0000000604000000)
  object space 21504K, 85% used [0x00000005fee00000,0x00000005ffffff10,0x0000000600300000)
Event: 1.676 GC heap after
Heap after GC invocations=1 (full 0):
 PSYoungGen      total 152064K, used 13407K [0x0000000756a80000, 0x0000000761400000, 0x0000000800000000)
  eden space 130560K, 0% used [0x0000000756a80000,0x0000000756a80000,0x000000075ea00000)
  from space 21504K, 62% used [0x000000075ea00000,0x000000075f717ff0,0x000000075ff00000)
  to   space 21504K, 0% used [0x000000075ff00000,0x000000075ff00000,0x0000000761400000)
 ParOldGen       total 346624K, used 72K [0x0000000604000000, 0x0000000619280000, 0x0000000756a80000)
  object space 346624K, 0% used [0x0000000604000000,0x0000000604012010,0x0000000619280000)
 PSPermGen       total 21504K, used 18431K [0x00000005fee00000, 0x0000000600300000, 0x0000000604000000)
  object space 21504K, 85% used [0x00000005fee00000,0x00000005ffffff10,0x0000000600300000)
}
Event: 2.592 GC heap before
{Heap before GC invocations=2 (full 0):
 PSYoungGen      total 152064K, used 143967K [0x0000000756a80000, 0x0000000761400000, 0x0000000800000000)
  eden space 130560K, 100% used [0x0000000756a80000,0x000000075ea00000,0x000000075ea00000)
  from space 21504K, 62% used [0x000000075ea00000,0x000000075f717ff0,0x000000075ff00000)
  to   space 21504K, 0% used [0x000000075ff00000,0x000000075ff00000,0x0000000761400000)
 ParOldGen       total 346624K, used 72K [0x0000000604000000, 0x0000000619280000, 0x0000000756a80000)
  object space 346624K, 0% used [0x0000000604000000,0x0000000604012010,0x0000000619280000)
 PSPermGen       total 26112K, used 26095K [0x00000005fee00000, 0x0000000600780000, 0x0000000604000000)
  object space 26112K, 99% used [0x00000005fee00000,0x000000060077bec8,0x0000000600780000)
Event: 2.633 GC heap after
Heap after GC invocations=2 (full 0):
 PSYoungGen      total 152064K, used 18318K [0x0000000756a80000, 0x0000000769380000, 0x0000000800000000)
  eden space 130560K, 0% used [0x0000000756a80000,0x0000000756a80000,0x000000075ea00000)
  from space 21504K, 85% used [0x000000075ff00000,0x00000007610e3a40,0x0000000761400000)
  to   space 21504K, 0% used [0x000000075ea00000,0x000000075ea00000,0x000000075ff00000)
 ParOldGen       total 346624K, used 80K [0x0000000604000000, 0x0000000619280000, 0x0000000756a80000)
  object space 346624K, 0% used [0x0000000604000000,0x0000000604014010,0x0000000619280000)
 PSPermGen       total 26112K, used 26095K [0x00000005fee00000, 0x0000000600780000, 0x0000000604000000)
  object space 26112K, 99% used [0x00000005fee00000,0x000000060077bec8,0x0000000600780000)
}

Deoptimization events (10 events):
Event: 3.194 Thread 0x0000000002f46000 Uncommon trap: reason=unstable_if action=reinterpret pc=0x0000000003233cf4 method=java.lang.Class$MethodArray.addIfNotPresent(Ljava/lang/reflect/Method;)V @ 19
Event: 3.228 Thread 0x0000000002f46000 Uncommon trap: reason=unstable_if action=reinterpret pc=0x000000000323ecd0 method=org.springframework.util.ConcurrentReferenceHashMap$Segment.clear()V @ 4
Event: 3.228 Thread 0x0000000002f46000 Uncommon trap: reason=unstable_if action=reinterpret pc=0x000000000323e914 method=org.springframework.util.ConcurrentReferenceHashMap$Segment.clear()V @ 4
Event: 3.251 Thread 0x0000000020dce000 Uncommon trap: reason=unstable_if action=reinterpret pc=0x00000000031ad624 method=java.util.concurrent.locks.AbstractQueuedSynchronizer.release(I)Z @ 14
Event: 3.466 Thread 0x000000001f078000 Uncommon trap: reason=unstable_if action=reinterpret pc=0x000000000329e314 method=java.lang.Class.argumentTypesToString([Ljava/lang/Class;)Ljava/lang/String; @ 16
Event: 3.904 Thread 0x000000001f992000 Uncommon trap: reason=unstable_if action=reinterpret pc=0x00000000030d7788 method=java.lang.AbstractStringBuilder.append(Ljava/lang/String;)Ljava/lang/AbstractStringBuilder; @ 1
Event: 4.281 Thread 0x000000001f993000 Uncommon trap: reason=unstable_if action=reinterpret pc=0x00000000031d30a8 method=java.lang.ClassLoader.getClassLoadingLock(Ljava/lang/String;)Ljava/lang/Object; @ 6
Event: 12.655 Thread 0x000000001f6a1800 Uncommon trap: reason=unstable_if action=reinterpret pc=0x00000000031b4178 method=java.util.concurrent.locks.AbstractQueuedSynchronizer.release(I)Z @ 14
Event: 46.921 Thread 0x000000001baf3000 Uncommon trap: reason=bimorphic action=maybe_recompile pc=0x000000000316e670 method=java.util.Hashtable.get(Ljava/lang/Object;)Ljava/lang/Object; @ 46
Event: 46.922 Thread 0x000000001baf3000 Uncommon trap: reason=bimorphic action=maybe_recompile pc=0x000000000316e670 method=java.util.Hashtable.get(Ljava/lang/Object;)Ljava/lang/Object; @ 46

Internal exceptions (10 events):
Event: 3.904 Thread 0x000000001f992000 Implicit null exception at 0x00000000030d7319 to 0x00000000030d7771
Event: 4.281 Thread 0x000000001f993000 Implicit null exception at 0x00000000031d2281 to 0x00000000031d3099
Event: 32.653 Thread 0x000000001f539800 Threw 0x0000000756ef9a88 at C:\re\jdk7u80\2329\hotspot\src\share\vm\prims\jvm.cpp:1319
Event: 32.653 Thread 0x000000001f539800 Threw 0x0000000756f00b40 at C:\re\jdk7u80\2329\hotspot\src\share\vm\prims\jvm.cpp:1319
Event: 38.000 Thread 0x000000001f7bd000 Threw 0x000000075cbd6a50 at C:\re\jdk7u80\2329\hotspot\src\share\vm\prims\jvm.cpp:1319
Event: 38.001 Thread 0x000000001f7bd000 Threw 0x000000075cbda120 at C:\re\jdk7u80\2329\hotspot\src\share\vm\prims\jvm.cpp:1319
Event: 38.001 Thread 0x000000001f7bd000 Threw 0x000000075cbe0928 at C:\re\jdk7u80\2329\hotspot\src\share\vm\prims\jvm.cpp:1319
Event: 38.002 Thread 0x000000001f7bd000 Threw 0x000000075cbe9618 at C:\re\jdk7u80\2329\hotspot\src\share\vm\prims\jvm.cpp:1319
Event: 38.003 Thread 0x000000001f7bd000 Threw 0x000000075cbf7928 at C:\re\jdk7u80\2329\hotspot\src\share\vm\prims\jvm.cpp:1319
Event: 38.003 Thread 0x000000001f7bd000 Threw 0x000000075d892e00 at C:\re\jdk7u80\2329\hotspot\src\share\vm\prims\jvm.cpp:1319

Events (10 events):
Event: 46.923 Thread 0x000000001f994800 Thread exited: 0x000000001f994800
Event: 46.924 loading class 0x000000000301a640
Event: 46.924 loading class 0x0000000002fcf530
Event: 46.924 loading class 0x0000000002fcf530 done
Event: 46.924 loading class 0x000000000301a640 done
Event: 46.925 Thread 0x000000001bd42800 flushing nmethod 0x00000000030c8090
Event: 46.926 Thread 0x000000001bd42800 flushing nmethod 0x00000000030f6310
Event: 46.926 Thread 0x000000001bd42800 flushing nmethod 0x00000000030fa150
Event: 46.926 Thread 0x000000001bd41800 flushing nmethod 0x0000000003113bd0
Event: 46.926 Thread 0x000000001bd41800 flushing nmethod 0x0000000003116a50


Dynamic libraries:
0x00007ff7c5170000 - 0x00007ff7c51a3000 	D:\Program Files\java\jdk1.7.80\bin\java.exe
0x00007ffe7c2d0000 - 0x00007ffe7c4e7000 	C:\WINDOWS\SYSTEM32\ntdll.dll
0x00007ffe7a750000 - 0x00007ffe7a814000 	C:\WINDOWS\System32\KERNEL32.DLL
0x00007ffe79aa0000 - 0x00007ffe79e46000 	C:\WINDOWS\System32\KERNELBASE.dll
0x00007ffe7aa70000 - 0x00007ffe7ab23000 	C:\WINDOWS\System32\ADVAPI32.dll
0x00007ffe7afa0000 - 0x00007ffe7b047000 	C:\WINDOWS\System32\msvcrt.dll
0x00007ffe7a9c0000 - 0x00007ffe7aa68000 	C:\WINDOWS\System32\sechost.dll
0x00007ffe79940000 - 0x00007ffe79968000 	C:\WINDOWS\System32\bcrypt.dll
0x00007ffe7b910000 - 0x00007ffe7ba27000 	C:\WINDOWS\System32\RPCRT4.dll
0x00007ffe7a2d0000 - 0x00007ffe7a47e000 	C:\WINDOWS\System32\USER32.dll
0x00007ffe79e50000 - 0x00007ffe79e76000 	C:\WINDOWS\System32\win32u.dll
0x00007ffe7a640000 - 0x00007ffe7a669000 	C:\WINDOWS\System32\GDI32.dll
0x00007ffe79820000 - 0x00007ffe79938000 	C:\WINDOWS\System32\gdi32full.dll
0x00007ffe79610000 - 0x00007ffe796aa000 	C:\WINDOWS\System32\msvcp_win.dll
0x00007ffe79f00000 - 0x00007ffe7a011000 	C:\WINDOWS\System32\ucrtbase.dll
0x00007ffe43960000 - 0x00007ffe43bf3000 	C:\WINDOWS\WinSxS\amd64_microsoft.windows.common-controls_6595b64144ccf1df_6.0.22621.2506_none_270c5ae97388e100\COMCTL32.dll
0x00007ffe7a050000 - 0x00007ffe7a081000 	C:\WINDOWS\System32\IMM32.DLL
0x0000000073f30000 - 0x0000000074002000 	D:\Program Files\java\jdk1.7.80\jre\bin\msvcr100.dll
0x0000000073750000 - 0x0000000073f29000 	D:\Program Files\java\jdk1.7.80\jre\bin\server\jvm.dll
0x00007ffe7b270000 - 0x00007ffe7b278000 	C:\WINDOWS\System32\PSAPI.DLL
0x00007ffe66450000 - 0x00007ffe66459000 	C:\WINDOWS\SYSTEM32\WSOCK32.dll
0x00007ffe71690000 - 0x00007ffe716c4000 	C:\WINDOWS\SYSTEM32\WINMM.dll
0x00007ffe7a090000 - 0x00007ffe7a101000 	C:\WINDOWS\System32\WS2_32.dll
0x0000000073740000 - 0x000000007374f000 	D:\Program Files\java\jdk1.7.80\jre\bin\verify.dll
0x0000000073710000 - 0x0000000073738000 	D:\Program Files\java\jdk1.7.80\jre\bin\java.dll
0x00000000736d0000 - 0x0000000073705000 	D:\Program Files\java\jdk1.7.80\jre\bin\jdwp.dll
0x00000000736c0000 - 0x00000000736c8000 	D:\Program Files\java\jdk1.7.80\jre\bin\npt.dll
0x00000000735c0000 - 0x00000000735e3000 	D:\Program Files\java\jdk1.7.80\jre\bin\instrument.dll
0x00000000736a0000 - 0x00000000736b6000 	D:\Program Files\java\jdk1.7.80\jre\bin\zip.dll
0x00000000735b0000 - 0x00000000735b9000 	D:\Program Files\java\jdk1.7.80\jre\bin\dt_socket.dll
0x00007ffe78bc0000 - 0x00007ffe78c29000 	C:\WINDOWS\system32\mswsock.dll
0x0000000073590000 - 0x00000000735aa000 	D:\Program Files\java\jdk1.7.80\jre\bin\net.dll
0x00007ffe780b0000 - 0x00007ffe781a9000 	C:\WINDOWS\SYSTEM32\DNSAPI.dll
0x00007ffe78080000 - 0x00007ffe780ad000 	C:\WINDOWS\SYSTEM32\IPHLPAPI.DLL
0x00007ffe7a020000 - 0x00007ffe7a029000 	C:\WINDOWS\System32\NSI.dll
0x00007ffe71a60000 - 0x00007ffe71a6a000 	C:\Windows\System32\rasadhlp.dll
0x00007ffe71c30000 - 0x00007ffe71cb3000 	C:\WINDOWS\System32\fwpuclnt.dll
0x0000000073580000 - 0x000000007358b000 	D:\Program Files\java\jdk1.7.80\jre\bin\management.dll
0x0000000073560000 - 0x0000000073571000 	D:\Program Files\java\jdk1.7.80\jre\bin\nio.dll
0x00007ffe78e20000 - 0x00007ffe78e3b000 	C:\WINDOWS\SYSTEM32\CRYPTSP.dll
0x00007ffe786a0000 - 0x00007ffe786d5000 	C:\WINDOWS\system32\rsaenh.dll
0x00007ffe78cb0000 - 0x00007ffe78cdc000 	C:\WINDOWS\SYSTEM32\USERENV.dll
0x00007ffe79540000 - 0x00007ffe79566000 	C:\WINDOWS\SYSTEM32\profapi.dll
0x00007ffe79e80000 - 0x00007ffe79efa000 	C:\WINDOWS\System32\bcryptprimitives.dll
0x00007ffe78e10000 - 0x00007ffe78e1c000 	C:\WINDOWS\SYSTEM32\CRYPTBASE.dll
0x00007ffe72ec0000 - 0x00007ffe72ed9000 	C:\WINDOWS\SYSTEM32\dhcpcsvc6.DLL
0x00007ffe72ea0000 - 0x00007ffe72ebf000 	C:\WINDOWS\SYSTEM32\dhcpcsvc.DLL
0x00007ffe4e250000 - 0x00007ffe4e267000 	C:\WINDOWS\system32\napinsp.dll
0x00007ffe4e230000 - 0x00007ffe4e24b000 	C:\WINDOWS\system32\pnrpnsp.dll
0x00007ffe4e210000 - 0x00007ffe4e221000 	C:\WINDOWS\System32\winrnr.dll
0x00007ffe71240000 - 0x00007ffe71255000 	C:\WINDOWS\System32\wshbth.dll
0x00007ffe16cf0000 - 0x00007ffe16df9000 	D:\opt\dll\EQ2008_Dll.dll
0x00007ffe7a820000 - 0x00007ffe7a9c0000 	C:\WINDOWS\System32\ole32.dll
0x00007ffe7abf0000 - 0x00007ffe7af79000 	C:\WINDOWS\System32\combase.dll
0x00007ffe7a480000 - 0x00007ffe7a557000 	C:\WINDOWS\System32\OLEAUT32.dll
0x00007ffe7a270000 - 0x00007ffe7a2ce000 	C:\WINDOWS\System32\SHLWAPI.dll
0x00007ffe7b280000 - 0x00007ffe7b379000 	C:\WINDOWS\System32\COMDLG32.dll
0x00007ffe4df60000 - 0x00007ffe4df67000 	C:\WINDOWS\SYSTEM32\MSIMG32.dll
0x00007ffe7b380000 - 0x00007ffe7b473000 	C:\WINDOWS\System32\shcore.dll
0x00007ffe63f50000 - 0x00007ffe6410a000 	C:\WINDOWS\WinSxS\amd64_microsoft.windows.gdiplus_6595b64144ccf1df_1.1.22621.3085_none_57ff6980ce140777\gdiplus.dll
0x00007ffe359f0000 - 0x00007ffe35a59000 	C:\WINDOWS\SYSTEM32\OLEACC.dll
0x00007ffe4eec0000 - 0x00007ffe4ef68000 	C:\WINDOWS\SYSTEM32\WINSPOOL.DRV
0x00007ffe7ba30000 - 0x00007ffe7c28b000 	C:\WINDOWS\System32\SHELL32.dll
0x00007ffe1f110000 - 0x00007ffe1f47d000 	C:\WINDOWS\SYSTEM32\msftedit.dll
0x00007ffe3bb60000 - 0x00007ffe3bc1e000 	C:\WINDOWS\SYSTEM32\Riched20.dll
0x00007ffe1a030000 - 0x00007ffe1a049000 	C:\WINDOWS\SYSTEM32\USP10.dll
0x00007ffe66460000 - 0x00007ffe664a7000 	C:\WINDOWS\SYSTEM32\msls31.dll
0x00007ffe761b0000 - 0x00007ffe7625b000 	C:\WINDOWS\system32\uxtheme.dll
0x00007ffe33100000 - 0x00007ffe33239000 	C:\ProgramData\A-Volute\A-Volute.Nahimic\Modules\Scheduled\x64\AudioDevProps2.dll
0x00007ffe78740000 - 0x00007ffe78758000 	C:\WINDOWS\SYSTEM32\kernel.appcore.dll
0x0000000022a10000 - 0x0000000022ac0000 	C:\WINDOWS\System32\clbcatq.dll
0x00007ffe46620000 - 0x00007ffe466d0000 	C:\WINDOWS\SYSTEM32\TextShaping.dll
0x00007ffe7a110000 - 0x00007ffe7a261000 	C:\WINDOWS\System32\MSCTF.dll
0x00007ffe76ba0000 - 0x00007ffe76dd3000 	C:\WINDOWS\SYSTEM32\dbghelp.dll

VM Arguments:
jvm_args: -agentlib:jdwp=transport=dt_socket,address=127.0.0.1:2385,suspend=y,server=n -XX:TieredStopAtLevel=1 -Xverify:none -Dspring.output.ansi.enabled=always -javaagent:C:\Users\Andministrator\AppData\Local\JetBrains\IntelliJIdea2021.2\captureAgent\debugger-agent.jar -Dcom.sun.management.jmxremote -Dspring.jmx.enabled=true -Dspring.liveBeansView.mbeanDomain -Dspring.application.admin.enabled=true -Dfile.encoding=UTF-8 
java_command: com.example.electronicscreen.ElectronicScreenApplication
Launcher Type: SUN_STANDARD

Environment Variables:
JAVA_HOME=D:\Program Files\java\jdk-1.8
CLASSPATH=.;D:\Program Files\java\jdk-1.8\lib\dt.jar;D:\Program Files\java\jdk-1.8\lib\tools.jar;
PATH=D:\Program Files\VMware\VMware Workstation\bin\;C:\Program Files (x86)\Common Files\Oracle\Java\javapath;C:\WINDOWS\system32;C:\WINDOWS;C:\WINDOWS\System32\Wbem;C:\WINDOWS\System32\WindowsPowerShell\v1.0\;D:\Program Files\node\;D:\Program Files\Git\cmd;D:\Python27\Scripts;D:\Python27;D:\Program Files\nodejs;C:\Program Files\Docker\Docker\resources\bin;D:\Software\softwareTool\apache-tomcat-9.0.71\bin;C:\Users\Andministrator\AppData\Roaming\npm;JAVA_HOME\jre\bin;JAVA_HOME\bin;C:\Program Files\dotnet\;C:\Users\Andministrator\AppData\Local\Microsoft\WindowsApps;D:\Program Files\IntelliJ IDEA 2021.2.2\bin;;D:\Program Files\PyCharm 2021.1.1\bin;;C:\Users\ÌÆåª\AppData\Roaming\npm;D:\Program Files\Microsoft VS Code\bin;D:\Program Files\WebStorm 2021.2.2\bin;;
USERNAME=ÌÆåª
OS=Windows_NT
PROCESSOR_IDENTIFIER=Intel64 Family 6 Model 154 Stepping 3, GenuineIntel



---------------  S Y S T E M  ---------------

OS: Windows 8.1 , 64 bit Build 9600 

CPU:total 20 (10 cores per cpu, 2 threads per core) family 6 model 154 stepping 3, cmov, cx8, fxsr, mmx, sse, sse2, sse3, ssse3, sse4.1, sse4.2, popcnt, avx, avx2, aes, erms, ht, tsc, tscinvbit

Memory: 4k page, physical 33290752k(13855168k free), swap 38271488k(10490084k free)

vm_info: Java HotSpot(TM) 64-Bit Server VM (24.80-b11) for windows-amd64 JRE (1.7.0_80-b15), built on Apr 10 2015 11:26:34 by "java_re" with unknown MS VC++:1600

time: Sun Jan 28 10:47:40 2024
elapsed time: 47 seconds

